25 Jun 08:36:58 CONFIG [geoserver.logging] - Log4j 2 configuration set to DEFAULT_LOGGING.xml
25 Jun 08:36:59 CONFIG [org.geoserver] - GeoServer configuration lock is enabled
25 Jun 08:36:59 CONFIG [org.geoserver] - Loading catalog /opt/geoserver_data
25 Jun 08:37:00 CONFIG [org.geoserver] - Loaded style 'pophatch'
25 Jun 08:37:00 CONFIG [org.geoserver] - Loaded style 'cite_lakes'
25 Jun 08:37:00 CONFIG [org.geoserver] - Loaded style 'raster'
25 Jun 08:37:00 CONFIG [org.geoserver] - Loaded style 'poly_landmarks'
25 Jun 08:37:00 CONFIG [org.geoserver] - Loaded style 'rain'
25 Jun 08:37:00 CONFIG [org.geoserver] - Loaded style 'line'
25 Jun 08:37:00 CONFIG [org.geoserver] - Loaded style 'tiger_roads'
25 Jun 08:37:00 CONFIG [org.geoserver] - Loaded style 'simple_roads'
25 Jun 08:37:00 CONFIG [org.geoserver] - Loaded style 'polygon'
25 Jun 08:37:00 CONFIG [org.geoserver] - Loaded style 'simple_streams'
25 Jun 08:37:00 CONFIG [org.geoserver] - Loaded style 'generic'
25 Jun 08:37:00 CONFIG [org.geoserver] - Loaded style 'burg'
25 Jun 08:37:00 CONFIG [org.geoserver] - Loaded style 'giant_polygon'
25 Jun 08:37:00 CONFIG [org.geoserver] - Loaded style 'poi'
25 Jun 08:37:00 CONFIG [org.geoserver] - Loaded style 'point'
25 Jun 08:37:00 CONFIG [org.geoserver] - Loaded style 'grass'
25 Jun 08:37:00 CONFIG [org.geoserver] - Loaded style 'capitals'
25 Jun 08:37:00 CONFIG [org.geoserver] - Loaded style 'green'
25 Jun 08:37:00 CONFIG [org.geoserver] - Loaded style 'restricted'
25 Jun 08:37:00 CONFIG [org.geoserver] - Loaded style 'dem'
25 Jun 08:37:00 CONFIG [org.geoserver] - Loaded style 'population'
25 Jun 08:37:00 CONFIG [org.geoserver] - Loaded default workspace 'ne'
25 Jun 08:37:00 CONFIG [org.geoserver] - Loaded workspace 'sde'
25 Jun 08:37:00 CONFIG [org.geoserver] - Loaded workspace 'ne'
25 Jun 08:37:00 CONFIG [org.geoserver] - Loaded style 'disputed'
25 Jun 08:37:00 CONFIG [org.geoserver] - Loaded style 'countries_mapcolor9'
25 Jun 08:37:00 CONFIG [org.geoserver] - Loaded style 'boundary_lines'
25 Jun 08:37:00 CONFIG [org.geoserver] - Loaded style 'coastline'
25 Jun 08:37:00 CONFIG [org.geoserver] - Loaded style 'populated_places'
25 Jun 08:37:00 CONFIG [org.geoserver] - Loaded style 'countries'
25 Jun 08:37:00 CONFIG [org.geoserver] - Loaded workspace 'tiger'
25 Jun 08:37:00 CONFIG [org.geoserver] - Loaded workspace 'topp'
25 Jun 08:37:00 CONFIG [org.geoserver] - Loaded workspace 'cite'
25 Jun 08:37:00 CONFIG [org.geoserver] - Loaded workspace 'sf'
25 Jun 08:37:00 CONFIG [org.geoserver] - Loaded workspace 'it.geosolutions'
25 Jun 08:37:00 CONFIG [org.geoserver] - Loaded workspace 'nurc'
25 Jun 08:37:00 CONFIG [org.geoserver] - Loaded data store 'NaturalEarth', enabled
25 Jun 08:37:01 CONFIG [org.geoserver] - Loaded feature type 'disputed_areas', enabled
25 Jun 08:37:01 CONFIG [org.geoserver] - Loaded layer 'disputed_areas'
25 Jun 08:37:01 CONFIG [org.geoserver] - Loaded feature type 'boundary_lines', enabled
25 Jun 08:37:01 CONFIG [org.geoserver] - Loaded layer 'boundary_lines'
25 Jun 08:37:01 CONFIG [org.geoserver] - Loaded feature type 'countries', enabled
25 Jun 08:37:01 CONFIG [org.geoserver] - Loaded layer 'countries'
25 Jun 08:37:01 CONFIG [org.geoserver] - Loaded feature type 'populated_places', enabled
25 Jun 08:37:01 CONFIG [org.geoserver] - Loaded layer 'populated_places'
25 Jun 08:37:01 CONFIG [org.geoserver] - Loaded feature type 'coastlines', enabled
25 Jun 08:37:01 CONFIG [org.geoserver] - Loaded layer 'coastlines'
25 Jun 08:37:01 CONFIG [org.geoserver] - Loaded layer group 'world'
25 Jun 08:37:01 CONFIG [org.geoserver] - Loaded data store 'taz_shapes', enabled
25 Jun 08:37:01 CONFIG [org.geoserver] - Loaded feature type 'tasmania_roads', enabled
25 Jun 08:37:01 CONFIG [org.geoserver] - Loaded layer 'tasmania_roads'
25 Jun 08:37:01 CONFIG [org.geoserver] - Loaded feature type 'tasmania_cities', enabled
25 Jun 08:37:01 CONFIG [org.geoserver] - Loaded layer 'tasmania_cities'
25 Jun 08:37:01 CONFIG [org.geoserver] - Loaded feature type 'tasmania_state_boundaries', enabled
25 Jun 08:37:01 CONFIG [org.geoserver] - Loaded layer 'tasmania_state_boundaries'
25 Jun 08:37:01 CONFIG [org.geoserver] - Loaded feature type 'tasmania_water_bodies', enabled
25 Jun 08:37:01 CONFIG [org.geoserver] - Loaded layer 'tasmania_water_bodies'
25 Jun 08:37:01 CONFIG [org.geoserver] - Loaded data store 'states_shapefile', enabled
25 Jun 08:37:01 CONFIG [org.geoserver] - Loaded feature type 'states', enabled
25 Jun 08:37:01 CONFIG [org.geoserver] - Loaded layer 'states'
25 Jun 08:37:01 CONFIG [org.geoserver] - Loaded data store 'nyc', enabled
25 Jun 08:37:01 CONFIG [org.geoserver] - Loaded feature type 'poi', enabled
25 Jun 08:37:01 CONFIG [org.geoserver] - Loaded layer 'poi'
25 Jun 08:37:01 CONFIG [org.geoserver] - Loaded feature type 'giant_polygon', enabled
25 Jun 08:37:01 CONFIG [org.geoserver] - Loaded layer 'giant_polygon'
25 Jun 08:37:01 CONFIG [org.geoserver] - Loaded feature type 'poly_landmarks', enabled
25 Jun 08:37:01 CONFIG [org.geoserver] - Loaded layer 'poly_landmarks'
25 Jun 08:37:01 CONFIG [org.geoserver] - Loaded feature type 'tiger_roads', enabled
25 Jun 08:37:01 CONFIG [org.geoserver] - Loaded layer 'tiger_roads'
25 Jun 08:37:01 CONFIG [org.geoserver] - Loaded data store 'sf', enabled
25 Jun 08:37:01 CONFIG [org.geoserver] - Loaded feature type 'bugsites', enabled
25 Jun 08:37:01 CONFIG [org.geoserver] - Loaded layer 'bugsites'
25 Jun 08:37:01 CONFIG [org.geoserver] - Loaded feature type 'archsites', enabled
25 Jun 08:37:01 CONFIG [org.geoserver] - Loaded layer 'archsites'
25 Jun 08:37:01 CONFIG [org.geoserver] - Loaded feature type 'restricted', enabled
25 Jun 08:37:01 CONFIG [org.geoserver] - Loaded layer 'restricted'
25 Jun 08:37:01 CONFIG [org.geoserver] - Loaded feature type 'streams', enabled
25 Jun 08:37:01 CONFIG [org.geoserver] - Loaded layer 'streams'
25 Jun 08:37:01 CONFIG [org.geoserver] - Loaded feature type 'roads', enabled
25 Jun 08:37:01 CONFIG [org.geoserver] - Loaded layer 'roads'
25 Jun 08:37:01 CONFIG [org.geoserver] - Loaded coverage store 'sfdem', enabled
25 Jun 08:37:01 CONFIG [org.geoserver] - Loaded coverage 'sfdem', enabled
25 Jun 08:37:01 CONFIG [org.geoserver] - Loaded layer 'sfdem'
25 Jun 08:37:01 CONFIG [org.geoserver] - Loaded coverage store 'img_sample2', enabled
25 Jun 08:37:01 CONFIG [org.geoserver] - Loaded coverage 'Pk50095', enabled
25 Jun 08:37:01 CONFIG [org.geoserver] - Loaded layer 'Pk50095'
25 Jun 08:37:01 CONFIG [org.geoserver] - Loaded coverage store 'arcGridSample', enabled
25 Jun 08:37:01 CONFIG [org.geoserver] - Loaded coverage 'Arc_Sample', enabled
25 Jun 08:37:01 CONFIG [org.geoserver] - Loaded layer 'Arc_Sample'
25 Jun 08:37:01 CONFIG [org.geoserver] - Loaded coverage store 'mosaic', enabled
25 Jun 08:37:01 CONFIG [org.geoserver] - Loaded coverage 'mosaic', enabled
25 Jun 08:37:01 CONFIG [org.geoserver] - Loaded layer 'mosaic'
25 Jun 08:37:01 CONFIG [org.geoserver] - Loaded coverage store 'worldImageSample', enabled
25 Jun 08:37:01 CONFIG [org.geoserver] - Loaded coverage 'Img_Sample', enabled
25 Jun 08:37:01 CONFIG [org.geoserver] - Loaded layer 'Img_Sample'
25 Jun 08:37:01 CONFIG [org.geoserver] - Loaded layer group 'spearfish'
25 Jun 08:37:01 CONFIG [org.geoserver] - Loaded layer group 'tiger-ny'
25 Jun 08:37:01 CONFIG [org.geoserver] - Loaded layer group 'tasmania'
25 Jun 08:37:01 CONFIG [org.geoserver] - Read catalog in 1.646 s
25 Jun 08:37:01 CONFIG [org.geoserver] - Loaded service 'wfs', enabled
25 Jun 08:37:01 CONFIG [org.geoserver] - Loaded service 'wcs', enabled
25 Jun 08:37:01 CONFIG [org.geoserver] - Loaded service 'wms', enabled
25 Jun 08:37:01 CONFIG [org.geoserver] - Loaded service 'WMTSInfoImpl--3ef31051:182c1e8b194:-8000', enabled
25 Jun 08:37:01 CONFIG [org.geoserver] - Loaded service 'WFSInfoImpl-1c443fee:182c0f3f209:-7f97', enabled
25 Jun 08:37:01 CONFIG [org.geoserver] - Loaded service 'WCSInfoImpl-1c443fee:182c0f3f209:-7f96', enabled
25 Jun 08:37:01 CONFIG [org.geoserver] - Loaded service 'WMSInfoImpl-1c443fee:182c0f3f209:-7f99', enabled
25 Jun 08:37:01 CONFIG [org.geoserver] - Loaded service 'WMTSInfoImpl-1c443fee:182c0f3f209:-7f98', enabled
25 Jun 08:37:01 CONFIG [gwc.config] - Will look for 'geowebcache.xml' in directory '/opt/geoserver_data/gwc'.
25 Jun 08:37:01 CONFIG [gwc.config] - Create configuration file 'gwc/geowebcache.xml' from template jar:file:/opt/apache-tomcat-9.0.75/webapps/geoserver/WEB-INF/lib/gwc-core-1.24-SNAPSHOT.jar!/geowebcache_empty.xml
25 Jun 08:37:01 WARN   [config.XMLConfiguration] - GWC configuration validation error: cvc-elt.1.a: Cannot find the declaration of element 'gwcConfiguration'.
25 Jun 08:37:01 WARN   [config.XMLConfiguration] - Will try to use configuration anyway. Please check the order of declared elements against the schema.
25 Jun 08:37:01 CONFIG [config.XMLConfiguration] - Initializing GridSets from gwc
25 Jun 08:37:01 CONFIG [config.XMLConfiguration] - Initializing layers from gwc
25 Jun 08:37:01 CONFIG [gwc.layer] - Initializing GWC configuration based on GeoServer's Catalog
25 Jun 08:37:01 CONFIG [gwc.layer] - GeoServer TileLayer store base directory is: gwc-layers
25 Jun 08:37:01 CONFIG [gwc.layer] - Loading tile layers from gwc-layers
25 Jun 08:37:01 CONFIG [gwc.layer] - Loaded 0 tile layers in 1.959 ms
25 Jun 08:37:01 CONFIG [storage.BlobStoreAggregator] - BlobStoreConfiguration gwc contained no blob store infos.
25 Jun 08:37:01 CONFIG [storage.DefaultStorageFinder] - Found system environment variableGEOSERVER_DATA_DIR set to /opt/geoserver_data/, using it as the default prefix.
25 Jun 08:37:02 CONFIG [gwc.config] - Initializing GeoServer specific GWC configuration from gwc-gs.xml
25 Jun 08:37:03 WARN   [gce.imagemosaic] - Unable to set ordering between tiff readers spi
25 Jun 08:37:04 CONFIG [gwc.config] - Will look for 'geowebcache-diskquota.xml' in directory '/opt/geoserver_data/gwc'.
25 Jun 08:37:04 CONFIG [gwc.config] - Will look for 'geowebcache-diskquota-jdbc.xml' in directory '/opt/geoserver_data/gwc'.
25 Jun 08:37:04 CONFIG [diskquota.ConfigLoader] - DiskQuota configuration is not readable: gwc/geowebcache-diskquota.xml
25 Jun 08:37:04 CONFIG [diskquota.ConfigLoader] - DiskQuota configuration is not readable: gwc/geowebcache-diskquota.xml
25 Jun 08:37:04 CONFIG [diskquota.ConfigLoader] - DiskQuota configuration is not readable: gwc/geowebcache-diskquota.xml
25 Jun 08:37:04 CONFIG [diskquota.DiskQuotaMonitor] - Setting up disk quota periodic enforcement task
25 Jun 08:37:04 CONFIG [diskquota.DiskQuotaMonitor] - 0 layers configured with their own quotas. 
25 Jun 08:37:04 CONFIG [diskquota.DiskQuotaMonitor] - 28 layers attached to global quota 500.0 MB
25 Jun 08:37:04 CONFIG [diskquota.DiskQuotaMonitor] - Disk quota periodic enforcement task set up every 10 SECONDS
25 Jun 08:37:05 CONFIG [geowebcache.GeoWebCacheDispatcher] - Invoked setServletPrefix(gwc)
25 Jun 08:37:05 CONFIG [wms.WMSService] - Will NOT recombine tiles for non-tiling clients.
25 Jun 08:37:05 CONFIG [wms.WMSService] - Will proxy requests to backend that are not getmap or getcapabilities.
25 Jun 08:37:06 CONFIG [geoserver.security] - AuthenticationCache Initialized with 1000 Max Entries, 300 seconds idle time, 600 seconds time to live and 3 concurrency level
25 Jun 08:37:06 CONFIG [geoserver.security] - AuthenticationCache Eviction Task created to run every 600 seconds
25 Jun 08:37:06 CONFIG [geoserver.security] - Start reloading user/groups for service named default
25 Jun 08:37:06 CONFIG [geoserver.security] - Reloading user/groups successful for service named default
25 Jun 08:37:06 CONFIG [platform.resource] - Notifying ENTRY_CREATE change on /opt/geoserver_data/gwc-layers. Created: 28, removed: 0, modified: 0
25 Jun 08:37:16 INFO   [geoserver.security] - Strong cryptography is available
25 Jun 08:37:38 INFO   [file.FileBlobStore] - /opt/geoserver_data/gwc/ne_world does not exist or is not writable
25 Jun 08:37:38 INFO   [file.FileBlobStore] - /opt/geoserver_data/gwc/ne_boundary_lines does not exist or is not writable
25 Jun 08:37:38 INFO   [file.FileBlobStore] - /opt/geoserver_data/gwc/ne_coastlines does not exist or is not writable
25 Jun 08:37:38 INFO   [file.FileBlobStore] - /opt/geoserver_data/gwc/ne_countries does not exist or is not writable
25 Jun 08:37:38 INFO   [file.FileBlobStore] - /opt/geoserver_data/gwc/ne_disputed_areas does not exist or is not writable
25 Jun 08:37:38 INFO   [file.FileBlobStore] - /opt/geoserver_data/gwc/ne_populated_places does not exist or is not writable
25 Jun 08:37:38 INFO   [file.FileBlobStore] - /opt/geoserver_data/gwc/nurc_Arc_Sample does not exist or is not writable
25 Jun 08:37:38 INFO   [file.FileBlobStore] - /opt/geoserver_data/gwc/nurc_Pk50095 does not exist or is not writable
25 Jun 08:37:38 INFO   [file.FileBlobStore] - /opt/geoserver_data/gwc/nurc_mosaic does not exist or is not writable
25 Jun 08:37:38 INFO   [file.FileBlobStore] - /opt/geoserver_data/gwc/nurc_Img_Sample does not exist or is not writable
25 Jun 08:37:38 INFO   [gwc.layer] - Truncating TileLayer for layer group 'spearfish' due to a change in its layers or styles
25 Jun 08:37:38 INFO   [file.FileBlobStore] - /opt/geoserver_data/gwc/spearfish does not exist or is not writable
25 Jun 08:37:38 INFO   [file.FileBlobStore] - /opt/geoserver_data/gwc/spearfish does not exist or is not writable
25 Jun 08:37:38 INFO   [file.FileBlobStore] - /opt/geoserver_data/gwc/sf_sfdem does not exist or is not writable
25 Jun 08:37:38 INFO   [gwc.layer] - Truncating TileLayer for layer group 'spearfish' due to a change in its layers or styles
25 Jun 08:37:38 INFO   [file.FileBlobStore] - /opt/geoserver_data/gwc/spearfish does not exist or is not writable
25 Jun 08:37:38 INFO   [file.FileBlobStore] - /opt/geoserver_data/gwc/spearfish does not exist or is not writable
25 Jun 08:37:38 INFO   [file.FileBlobStore] - /opt/geoserver_data/gwc/sf_archsites does not exist or is not writable
25 Jun 08:37:38 INFO   [gwc.layer] - Truncating TileLayer for layer group 'spearfish' due to a change in its layers or styles
25 Jun 08:37:38 INFO   [file.FileBlobStore] - /opt/geoserver_data/gwc/spearfish does not exist or is not writable
25 Jun 08:37:38 INFO   [file.FileBlobStore] - /opt/geoserver_data/gwc/spearfish does not exist or is not writable
25 Jun 08:37:38 INFO   [file.FileBlobStore] - /opt/geoserver_data/gwc/sf_bugsites does not exist or is not writable
25 Jun 08:37:38 INFO   [gwc.layer] - Truncating TileLayer for layer group 'spearfish' due to a change in its layers or styles
25 Jun 08:37:38 INFO   [file.FileBlobStore] - /opt/geoserver_data/gwc/spearfish does not exist or is not writable
25 Jun 08:37:38 INFO   [file.FileBlobStore] - /opt/geoserver_data/gwc/spearfish does not exist or is not writable
25 Jun 08:37:38 INFO   [file.FileBlobStore] - /opt/geoserver_data/gwc/sf_restricted does not exist or is not writable
25 Jun 08:37:38 INFO   [gwc.layer] - Truncating TileLayer for layer group 'spearfish' due to a change in its layers or styles
25 Jun 08:37:38 INFO   [file.FileBlobStore] - /opt/geoserver_data/gwc/spearfish does not exist or is not writable
25 Jun 08:37:38 INFO   [file.FileBlobStore] - /opt/geoserver_data/gwc/spearfish does not exist or is not writable
25 Jun 08:37:38 INFO   [file.FileBlobStore] - /opt/geoserver_data/gwc/sf_roads does not exist or is not writable
25 Jun 08:37:38 INFO   [file.FileBlobStore] - /opt/geoserver_data/gwc/spearfish does not exist or is not writable
25 Jun 08:37:38 INFO   [file.FileBlobStore] - /opt/geoserver_data/gwc/sf_streams does not exist or is not writable
25 Jun 08:37:38 INFO   [gwc.layer] - Truncating TileLayer for layer group 'tiger-ny' due to a change in its layers or styles
25 Jun 08:37:38 INFO   [file.FileBlobStore] - /opt/geoserver_data/gwc/tiger-ny does not exist or is not writable
25 Jun 08:37:38 INFO   [file.FileBlobStore] - /opt/geoserver_data/gwc/tiger-ny does not exist or is not writable
25 Jun 08:37:38 INFO   [file.FileBlobStore] - /opt/geoserver_data/gwc/tiger_giant_polygon does not exist or is not writable
25 Jun 08:37:38 INFO   [gwc.layer] - Truncating TileLayer for layer group 'tiger-ny' due to a change in its layers or styles
25 Jun 08:37:38 INFO   [file.FileBlobStore] - /opt/geoserver_data/gwc/tiger-ny does not exist or is not writable
25 Jun 08:37:38 INFO   [file.FileBlobStore] - /opt/geoserver_data/gwc/tiger-ny does not exist or is not writable
25 Jun 08:37:38 INFO   [file.FileBlobStore] - /opt/geoserver_data/gwc/tiger_poi does not exist or is not writable
25 Jun 08:37:38 INFO   [gwc.layer] - Truncating TileLayer for layer group 'tiger-ny' due to a change in its layers or styles
25 Jun 08:37:38 INFO   [file.FileBlobStore] - /opt/geoserver_data/gwc/tiger-ny does not exist or is not writable
25 Jun 08:37:38 INFO   [file.FileBlobStore] - /opt/geoserver_data/gwc/tiger-ny does not exist or is not writable
25 Jun 08:37:38 INFO   [file.FileBlobStore] - /opt/geoserver_data/gwc/tiger_poly_landmarks does not exist or is not writable
25 Jun 08:37:38 INFO   [file.FileBlobStore] - /opt/geoserver_data/gwc/tiger-ny does not exist or is not writable
25 Jun 08:37:38 INFO   [file.FileBlobStore] - /opt/geoserver_data/gwc/tiger_tiger_roads does not exist or is not writable
25 Jun 08:37:38 INFO   [file.FileBlobStore] - /opt/geoserver_data/gwc/topp_states does not exist or is not writable
25 Jun 08:37:38 INFO   [gwc.layer] - Truncating TileLayer for layer group 'tasmania' due to a change in its layers or styles
25 Jun 08:37:38 INFO   [file.FileBlobStore] - /opt/geoserver_data/gwc/tasmania does not exist or is not writable
25 Jun 08:37:38 INFO   [file.FileBlobStore] - /opt/geoserver_data/gwc/tasmania does not exist or is not writable
25 Jun 08:37:38 INFO   [file.FileBlobStore] - /opt/geoserver_data/gwc/topp_tasmania_cities does not exist or is not writable
25 Jun 08:37:38 INFO   [gwc.layer] - Truncating TileLayer for layer group 'tasmania' due to a change in its layers or styles
25 Jun 08:37:38 INFO   [file.FileBlobStore] - /opt/geoserver_data/gwc/tasmania does not exist or is not writable
25 Jun 08:37:38 INFO   [file.FileBlobStore] - /opt/geoserver_data/gwc/tasmania does not exist or is not writable
25 Jun 08:37:38 INFO   [file.FileBlobStore] - /opt/geoserver_data/gwc/topp_tasmania_roads does not exist or is not writable
25 Jun 08:37:38 INFO   [gwc.layer] - Truncating TileLayer for layer group 'tasmania' due to a change in its layers or styles
25 Jun 08:37:38 INFO   [file.FileBlobStore] - /opt/geoserver_data/gwc/tasmania does not exist or is not writable
25 Jun 08:37:38 INFO   [file.FileBlobStore] - /opt/geoserver_data/gwc/tasmania does not exist or is not writable
25 Jun 08:37:38 INFO   [file.FileBlobStore] - /opt/geoserver_data/gwc/topp_tasmania_state_boundaries does not exist or is not writable
25 Jun 08:37:38 INFO   [file.FileBlobStore] - /opt/geoserver_data/gwc/tasmania does not exist or is not writable
25 Jun 08:37:38 INFO   [file.FileBlobStore] - /opt/geoserver_data/gwc/topp_tasmania_water_bodies does not exist or is not writable
25 Jun 08:37:41 CONFIG [platform.resource] - Notifying ENTRY_MODIFY change on /opt/geoserver_data/gwc-layers. Created: 0, removed: 28, modified: 0
25 Jun 08:47:31 CONFIG [gwc.layer] - GeoServer TileLayer store base directory is: gwc-layers
25 Jun 08:47:31 CONFIG [gwc.layer] - Loading tile layers from gwc-layers
25 Jun 08:47:31 CONFIG [gwc.layer] - Loaded 0 tile layers in 538.1 μs
25 Jun 08:47:31 CONFIG [gwc.layer] - GeoServer TileLayer store base directory is: gwc-layers
25 Jun 08:47:31 CONFIG [gwc.layer] - Loading tile layers from gwc-layers
25 Jun 08:47:31 CONFIG [gwc.layer] - Loaded 0 tile layers in 470.5 μs
25 Jun 08:47:31 WARN   [support.DisposableBeanAdapter] - Custom destroy method 'destroy' on bean with name 'gwcMemoryBlobStore' threw an exception: java.util.concurrent.RejectedExecutionException: Task java.util.concurrent.FutureTask@3eb63fe3[Not completed, task = org.geowebcache.storage.blobstore.memory.MemoryBlobStore$BlobStoreTask@7d8dd008] rejected from java.util.concurrent.ThreadPoolExecutor@7c201e90[Terminated, pool size = 0, active threads = 0, queued tasks = 0, completed tasks = 1]
25 Jun 08:47:31 INFO   [geoserver.logging] - Beginning GeoServer cleanup sequence
25 Jun 08:47:48 CONFIG [geoserver.logging] - Log4j 2 configuration set to DEFAULT_LOGGING.xml
25 Jun 08:47:49 CONFIG [org.geoserver] - GeoServer configuration lock is enabled
25 Jun 08:47:49 CONFIG [org.geoserver] - Loading catalog /opt/geoserver_data
25 Jun 08:47:49 CONFIG [org.geoserver] - Loaded style 'raster'
25 Jun 08:47:49 CONFIG [org.geoserver] - Loaded style 'cite_lakes'
25 Jun 08:47:49 CONFIG [org.geoserver] - Loaded style 'pophatch'
25 Jun 08:47:49 CONFIG [org.geoserver] - Loaded style 'line'
25 Jun 08:47:49 CONFIG [org.geoserver] - Loaded style 'tiger_roads'
25 Jun 08:47:49 CONFIG [org.geoserver] - Loaded style 'simple_roads'
25 Jun 08:47:49 CONFIG [org.geoserver] - Loaded style 'rain'
25 Jun 08:47:49 CONFIG [org.geoserver] - Loaded style 'poly_landmarks'
25 Jun 08:47:49 CONFIG [org.geoserver] - Loaded style 'polygon'
25 Jun 08:47:49 CONFIG [org.geoserver] - Loaded style 'generic'
25 Jun 08:47:49 CONFIG [org.geoserver] - Loaded style 'burg'
25 Jun 08:47:49 CONFIG [org.geoserver] - Loaded style 'simple_streams'
25 Jun 08:47:49 CONFIG [org.geoserver] - Loaded style 'poi'
25 Jun 08:47:49 CONFIG [org.geoserver] - Loaded style 'giant_polygon'
25 Jun 08:47:49 CONFIG [org.geoserver] - Loaded style 'point'
25 Jun 08:47:49 CONFIG [org.geoserver] - Loaded style 'grass'
25 Jun 08:47:49 CONFIG [org.geoserver] - Loaded style 'capitals'
25 Jun 08:47:49 CONFIG [org.geoserver] - Loaded style 'green'
25 Jun 08:47:49 CONFIG [org.geoserver] - Loaded style 'restricted'
25 Jun 08:47:49 CONFIG [org.geoserver] - Loaded style 'dem'
25 Jun 08:47:49 CONFIG [org.geoserver] - Loaded style 'population'
25 Jun 08:47:49 CONFIG [org.geoserver] - Loaded default workspace 'topp'
25 Jun 08:47:49 CONFIG [org.geoserver] - Read catalog in 79.32 ms
25 Jun 08:47:49 CONFIG [org.geoserver] - Loaded service 'wfs', enabled
25 Jun 08:47:49 CONFIG [org.geoserver] - Loaded service 'wcs', enabled
25 Jun 08:47:49 CONFIG [org.geoserver] - Loaded service 'wms', enabled
25 Jun 08:47:49 CONFIG [org.geoserver] - Loaded service 'WMTSInfoImpl--3ef31051:182c1e8b194:-8000', enabled
25 Jun 08:47:49 CONFIG [gwc.config] - Will look for 'geowebcache.xml' in directory '/opt/geoserver_data/gwc'.
25 Jun 08:47:50 WARN   [config.XMLConfiguration] - GWC configuration validation error: cvc-elt.1.a: Cannot find the declaration of element 'gwcConfiguration'.
25 Jun 08:47:50 WARN   [config.XMLConfiguration] - Will try to use configuration anyway. Please check the order of declared elements against the schema.
25 Jun 08:47:50 CONFIG [config.XMLConfiguration] - Initializing GridSets from gwc
25 Jun 08:47:50 CONFIG [config.XMLConfiguration] - Initializing layers from gwc
25 Jun 08:47:50 CONFIG [gwc.layer] - Initializing GWC configuration based on GeoServer's Catalog
25 Jun 08:47:50 CONFIG [gwc.layer] - GeoServer TileLayer store base directory is: gwc-layers
25 Jun 08:47:50 CONFIG [gwc.layer] - Loading tile layers from gwc-layers
25 Jun 08:47:50 CONFIG [gwc.layer] - Loaded 0 tile layers in 1.999 ms
25 Jun 08:47:50 CONFIG [storage.BlobStoreAggregator] - BlobStoreConfiguration gwc contained no blob store infos.
25 Jun 08:47:50 CONFIG [storage.DefaultStorageFinder] - Found system environment variableGEOSERVER_DATA_DIR set to /opt/geoserver_data/, using it as the default prefix.
25 Jun 08:47:50 CONFIG [gwc.config] - Initializing GeoServer specific GWC configuration from gwc-gs.xml
25 Jun 08:47:51 WARN   [gce.imagemosaic] - Unable to set ordering between tiff readers spi
25 Jun 08:47:51 CONFIG [gwc.config] - Will look for 'geowebcache-diskquota.xml' in directory '/opt/geoserver_data/gwc'.
25 Jun 08:47:51 CONFIG [gwc.config] - Will look for 'geowebcache-diskquota-jdbc.xml' in directory '/opt/geoserver_data/gwc'.
25 Jun 08:47:51 CONFIG [diskquota.ConfigLoader] - DiskQuota configuration is not readable: gwc/geowebcache-diskquota.xml
25 Jun 08:47:51 CONFIG [diskquota.ConfigLoader] - DiskQuota configuration is not readable: gwc/geowebcache-diskquota.xml
25 Jun 08:47:51 CONFIG [diskquota.ConfigLoader] - DiskQuota configuration is not readable: gwc/geowebcache-diskquota.xml
25 Jun 08:47:51 CONFIG [diskquota.DiskQuotaMonitor] - Setting up disk quota periodic enforcement task
25 Jun 08:47:51 CONFIG [diskquota.DiskQuotaMonitor] - 0 layers configured with their own quotas. 
25 Jun 08:47:51 CONFIG [diskquota.DiskQuotaMonitor] - 0 layers attached to global quota 500.0 MB
25 Jun 08:47:51 CONFIG [diskquota.DiskQuotaMonitor] - Disk quota periodic enforcement task set up every 10 SECONDS
25 Jun 08:47:53 CONFIG [geowebcache.GeoWebCacheDispatcher] - Invoked setServletPrefix(gwc)
25 Jun 08:47:53 CONFIG [wms.WMSService] - Will NOT recombine tiles for non-tiling clients.
25 Jun 08:47:53 CONFIG [wms.WMSService] - Will proxy requests to backend that are not getmap or getcapabilities.
25 Jun 08:47:54 CONFIG [geoserver.security] - Start reloading user/groups for service named default
25 Jun 08:47:54 CONFIG [geoserver.security] - Reloading user/groups successful for service named default
25 Jun 08:47:54 CONFIG [geoserver.security] - AuthenticationCache Initialized with 1000 Max Entries, 300 seconds idle time, 600 seconds time to live and 3 concurrency level
25 Jun 08:47:54 CONFIG [geoserver.security] - AuthenticationCache Eviction Task created to run every 600 seconds
25 Jun 08:48:58 CONFIG [gwc.layer] - GeoServer TileLayer store base directory is: gwc-layers
25 Jun 08:48:58 CONFIG [gwc.layer] - Loading tile layers from gwc-layers
25 Jun 08:48:58 CONFIG [gwc.layer] - Loaded 0 tile layers in 541.2 μs
25 Jun 08:48:58 WARN   [support.DisposableBeanAdapter] - Custom destroy method 'destroy' on bean with name 'gwcMemoryBlobStore' threw an exception: java.util.concurrent.RejectedExecutionException: Task java.util.concurrent.FutureTask@493ed665[Not completed, task = org.geowebcache.storage.blobstore.memory.MemoryBlobStore$BlobStoreTask@16d14bab] rejected from java.util.concurrent.ThreadPoolExecutor@127f2e6b[Terminated, pool size = 0, active threads = 0, queued tasks = 0, completed tasks = 1]
25 Jun 08:48:58 INFO   [geoserver.logging] - Beginning GeoServer cleanup sequence
